C51 COMPILER V9.52.0.0   KEYSCAN                                                           04/19/2015 13:32:07 PAGE 1   


C51 COMPILER V9.52.0.0, COMPILATION OF MODULE KEYSCAN
OBJECT MODULE PLACED IN .\tmp\Keyscan.obj
COMPILER INVOKED BY: E:\Keil\C51\BIN\C51.EXE src\Keyscan.c BROWSE DEBUG OBJECTEXTEND PRINT(.\tmp\Keyscan.lst) TABS(2) OB
                    -JECT(.\tmp\Keyscan.obj)

line level    source

   1          #include "STC12C5A60S2.h"
   2          #include "DataDef.h"
   3          #include "Delays.h"
   4          #include "keyscan.h"
   5          #include "DS1302.h"
   6          
   7          
   8          
   9          // bit U_D = 0;
  10          // uchar Flan = 1;
  11          // uchar Flan1 = 1;
  12          // uchar j = 0;
  13          uchar Flan1=1;
  14          uchar Key_Value;
  15          uchar KeyHold;
  16          uint KeyTime;
  17          // unsigned char xdata ss1[16]="1234567890123456";
  18          // unsigned char xdata aa1[16]="1234567890123456";
  19          uchar KeyScan(void)
  20          {
  21   1        Key_Pulse  = 1;
  22   1        Key_Left   = 1;
  23   1        Key_Right  = 1;
  24   1        Key_Up     = 1;
  25   1        Key_Down   = 1;
  26   1        Key_Stop   = 1;
  27   1        Key_Time   = 1;
  28   1        Key_Fall   = 1;
  29   1        
  30   1        if(Key_Pulse==0)
  31   1        {
  32   2          KeyTime=0;
  33   2          if(KeyHold!='P')
  34   2          {
  35   3            KeyHold='P';
  36   3            return 'P';
  37   3          }
  38   2        }
  39   1        else if(Key_Fall==0)
  40   1        {
  41   2          KeyTime=0;
  42   2          if(KeyHold!='F')
  43   2          {
  44   3            KeyHold='F';
  45   3            return 'F';
  46   3          }
  47   2        }
  48   1        else if(Key_Left==0)
  49   1        {
  50   2          KeyTime=0;
  51   2          if(KeyHold!='L')
  52   2          {
  53   3            KeyHold='L';
  54   3            return 'L';
C51 COMPILER V9.52.0.0   KEYSCAN                                                           04/19/2015 13:32:07 PAGE 2   

  55   3          }
  56   2        }
  57   1        else if(Key_Right==0)
  58   1        {
  59   2          KeyTime=0;
  60   2          if(KeyHold!='R')
  61   2          {
  62   3            KeyHold='R';
  63   3            return 'R';
  64   3          }
  65   2        }
  66   1        else if(Key_Up==0)
  67   1        {
  68   2          KeyTime=0;
  69   2          if(KeyHold!='U')
  70   2          {
  71   3            KeyHold='U';
  72   3            return 'U';
  73   3          }
  74   2        }
  75   1        else if(Key_Down==0)
  76   1        {
  77   2          KeyTime=0;
  78   2          if(KeyHold!='D')
  79   2          {
  80   3            KeyHold='D';
  81   3            return 'D';
  82   3          }
  83   2        }
  84   1        else if(Key_Stop==0)
  85   1        {
  86   2          KeyTime=0;
  87   2          if(KeyHold!='S')
  88   2          {
  89   3            KeyHold='S';
  90   3            return 'S';
  91   3          }
  92   2        }
  93   1        else if(Key_Time==0)
  94   1        {
  95   2          KeyTime++;
  96   2          if(KeyHold!='T')
  97   2          {
  98   3            KeyHold='T';
  99   3            return 'T';
 100   3          }
 101   2        }
 102   1        else//无按键动作时
 103   1        {
 104   2          KeyTime=0;
 105   2          KeyHold=0;
 106   2          return 0;
 107   2        }
 108   1        
 109   1        return 0xFF;//长按时返回0xFF
 110   1      }
 111          
 112          void Set_Time()
 113          {
 114   1        
 115   1          if(Key_Value=='R')
 116   1          {
C51 COMPILER V9.52.0.0   KEYSCAN                                                           04/19/2015 13:32:07 PAGE 3   

 117   2            Flan1++;
 118   2            if(Flan1 > 6) Flan1 = 6;
 119   2          }
 120   1          else if(Key_Value=='L')
 121   1          {
 122   2            Flan1--;
 123   2            if(Flan1 < 1) Flan1 = 1;
 124   2          }
 125   1          if(Flan1 == 1)
 126   1          {
 127   2            if(Key_Value=='U')
 128   2            {
 129   3              Year++;
 130   3              if(Year > 99) Year = 0;
 131   3            }
 132   2            else if(Key_Value=='D')
 133   2            {
 134   3              Year--;
 135   3              if(Year < 0)  Year = 99;
 136   3            }
 137   2          }
 138   1          else if(Flan1 == 2)
 139   1          {
 140   2            if(Key_Value=='U')
 141   2            {
 142   3              Month++;
 143   3              if(Month > 12)  Month = 1;
 144   3            }
 145   2            else if(Key_Value=='D')
 146   2            {
 147   3              Month--;
 148   3              if(Month < 1) Month = 12;
 149   3            }
 150   2          }
 151   1          else if(Flan1 == 3)
 152   1          {
 153   2            if(Key_Value=='U')
 154   2            {
 155   3              Day++;
 156   3              if(Day > 31)  Day = 1;
 157   3            }
 158   2            else if(Key_Value=='D')
 159   2            {
 160   3              Day--;
 161   3              if(Day < 1) Day = 31;
 162   3            }
 163   2          }
 164   1          else if(Flan1 == 4)
 165   1          {
 166   2            if(Key_Value=='U')
 167   2            {
 168   3              Hour++;
 169   3              if(Hour > 23) Hour = 0;
 170   3            }
 171   2            else if(Key_Value=='D')
 172   2            {
 173   3              Hour--;
 174   3              if(Hour < 0)  Hour = 23;
 175   3            }
 176   2          }
 177   1          else if(Flan1 == 5)
 178   1          {
C51 COMPILER V9.52.0.0   KEYSCAN                                                           04/19/2015 13:32:07 PAGE 4   

 179   2            if(Key_Value=='U')
 180   2            {
 181   3              Minute++;
 182   3              if(Minute > 59) Minute = 0;
 183   3            }
 184   2            else if(Key_Value=='D')
 185   2            {
 186   3              Minute--;
 187   3              if(Minute < 0)  Minute = 59;
 188   3            }
 189   2          }
 190   1          else if(Flan1 == 6)
 191   1          {
 192   2            if(Key_Value=='U')
 193   2            {
 194   3              Second++;
 195   3              if(Second > 59) Second = 0;
 196   3            }
 197   2            else if(Key_Value=='D')
 198   2            {
 199   3              Second--;
 200   3              if(Second < 0)  Second = 59;
 201   3            }
 202   2          }
 203   1      }
 204          void MP3(void)
 205          {
 206   1      //  if(Key_Value=='U')
 207   1      //  {
 208   1      //    Up = 0;
 209   1      //    delay_ms(100);
 210   1      //    Up = 1;
 211   1      //  }
 212   1      //  else if(Key_Value=='D')
 213   1      //  {
 214   1      //    Down = 0;
 215   1      //    delay_ms(100);
 216   1      //    Down = 1;
 217   1      //  }
 218   1        if(Key_Value=='L')
 219   1        {
 220   2          Left = 0;
 221   2          delay_ms(100);
 222   2          Left = 1;
 223   2        }
 224   1        else if(Key_Value=='R')
 225   1        {
 226   2          Right = 0;
 227   2          delay_ms(100);
 228   2          Right = 1;
 229   2        }
 230   1      }
 231            


MODULE INFORMATION:   STATIC OVERLAYABLE
   CODE SIZE        =    602    ----
   CONSTANT SIZE    =   ----    ----
   XDATA SIZE       =   ----    ----
   PDATA SIZE       =   ----    ----
   DATA SIZE        =      5    ----
   IDATA SIZE       =   ----    ----
C51 COMPILER V9.52.0.0   KEYSCAN                                                           04/19/2015 13:32:07 PAGE 5   

   BIT SIZE         =   ----    ----
END OF MODULE INFORMATION.


C51 COMPILATION COMPLETE.  0 WARNING(S),  0 ERROR(S)
