C51 COMPILER V9.52.0.0   MAIN                                                              04/19/2015 13:32:26 PAGE 1   


C51 COMPILER V9.52.0.0, COMPILATION OF MODULE MAIN
OBJECT MODULE PLACED IN .\tmp\main.obj
COMPILER INVOKED BY: E:\Keil\C51\BIN\C51.EXE src\main.c BROWSE DEBUG OBJECTEXTEND PRINT(.\tmp\main.lst) TABS(2) OBJECT(.
                    -\tmp\main.obj)

line level    source

   1          #include "STC12C5A60S2.h"
   2          #include "GPIO.h"
   3          #include "LCD.h"
   4          #include "Delays.h"
   5          #include "ADXl345.h"
   6          #include "Uart.h"
   7          #include "DS1302.h"
   8          #include "keyscan.h"
   9          #include "math.h"
  10          sbit led = P3^6;
  11          sbit Pulseled = P2^7;
  12          sbit Beep = P1^6;
  13          sbit Fallled = P0^3;
  14          #define Buf_Max2 26   //缓存长度
  15          uchar  xdata Rec_Buf2[Buf_Max2];
  16          uchar count2=0;
  17          uchar Fall;
  18          uchar ss[3];
  19          uchar time = 1,num1 = 1,num2 = 2;
  20          
  21          
  22          bit PM25_Read = 0;
  23          bit bt500ms;
  24          bit bt1s;
  25          bit bt30s;
  26          bit bt1000ms;
  27          float xdata Vout;
  28          uint xdata Pulse,PM25;
  29          uint xdata cnt0,cnt1,cnt2,cnt3;
  30          int xdata X1,X2,Y1,Y2,Z1,Z2;
  31          
  32          
  33          void Timer0Init(void)   //1ms@22.1184MHz
  34          {
  35   1        AUXR &= 0x7F;   //?????12T??
  36   1        TMOD &= 0xF0;   //???????
  37   1        TL0 = 0x68;   //??????
  38   1        TH0 = 0xC6;   //??????
  39   1        TF0 = 0;    //??TF0??
  40   1        TR0 = 1;    //???0????
  41   1        EA  = 1;
  42   1        ET0 = 1;
  43   1        
  44   1        EX0 = 0;
  45   1        IT0 = 1;
  46   1      }
  47          
  48          // uchar *Dis_qian(uint temp_data)  
  49          // {  
  50          //  ss[0]=temp_data/1000+0x30 ;  //??
  51          //  temp_data=temp_data%1000;    //????
  52          //  ss[1]=temp_data/100+0x30   ;  //??
  53          //  temp_data=temp_data%100;     //????
  54          //  ss[2]=temp_data/10+0x30    ;  //??
C51 COMPILER V9.52.0.0   MAIN                                                              04/19/2015 13:32:26 PAGE 2   

  55          //  return ss;
  56          // }
  57          void Beep_single()
  58          {
  59   1        Beep=0;
  60   1        delay_ms(500);
  61   1        Beep=1;
  62   1      }
  63          void Beep_long()
  64          {
  65   1        Beep=0;
  66   1        delay_ms(100);
  67   1        Beep=1;
  68   1        delay_ms(100);
  69   1        Beep=0;
  70   1        delay_ms(100);
  71   1        Beep=1;
  72   1        delay_ms(100);
  73   1        Beep=0;
  74   1        delay_ms(100);
  75   1        Beep=1;
  76   1      } 
  77          uchar *Dis_bai(uint temp_data)  
  78          {  
  79   1        ss[0]=temp_data/100+0x30;  //??
  80   1        temp_data=temp_data%100;     //????
  81   1        ss[1]=temp_data/10+0x30;  //??
  82   1        temp_data=temp_data%10;      //????
  83   1        ss[2]=temp_data+0x30;   //??
  84   1        return ss;
  85   1      }
  86          
  87          void main(void)
  88          {
  89   1        GPIO_config();
  90   1        
  91   1        Serial_Init();
  92   1        Timer0Init();
  93   1        //DS1302init();
  94   1      //  GSMInit();
  95   1        Lcd_Init();
  96   1        Init_ADXL345();
  97   1        Beep=1;
  98   1        bl=1;//通过IO控制背光亮
  99   1        led=0;
 100   1        Pulseled=0;
 101   1        Fallled=1;
 102   1        Up=1;
 103   1        Down=1;
 104   1        Left=1;
 105   1        Right=1;
 106   1        
 107   1        
 108   1      Normal_Mode://正常工作模式
 109   1        do{ 
 110   2          //**********DS1302采集程序**********//
 111   2          if(bt1000ms)
 112   2          {
 113   3            bt1000ms=0;
 114   3            cnt3=0;
 115   3            Read_RTC();
 116   3            Dis_Time();
C51 COMPILER V9.52.0.0   MAIN                                                              04/19/2015 13:32:26 PAGE 3   

 117   3          }
 118   2          //**********PM2.5采集程序**********//
 119   2          if(bt500ms)
 120   2          {
 121   3            bt500ms=0;
 122   3            cnt0=0;
 123   3            Vout = (float)((Rec_Buf2[21]*256+Rec_Buf2[22])*5)/1024;
 124   3            PM25 = 145.206*Vout + 19.821;
 125   3            Gui_DrawFont_GBK16(16,110,BLUE,GRAY0,"PM2.5:");
 126   3            Gui_DrawFont_GBK16(64,110,RED,GRAY0,Dis_bai(PM25));
 127   3            //if(PM25>75)  Beep_long();
 128   3          }
 129   2          
 130   2          //**********心率采集程序**********//
 131   2          if(Pulseled==1)
 132   2          {   
 133   3            Gui_DrawFont_GBK16(16,130,BLUE,GRAY0,"Pulse:");
 134   3            Gui_DrawFont_GBK16(64,130,RED,GRAY0,Dis_bai(Pulse));
 135   3            if(bt30s)
 136   3            {
 137   4              bt30s=0;
 138   4              cnt1=0;
 139   4              if(Fall>60 || Fall <20)  Fall = 0;
 140   4              else 
 141   4              {
 142   5                Fall = Fall;
 143   5                Beep_single();
 144   5              }
 145   4              Pulse = Fall*2;
 146   4              Fall=0;
 147   4              
 148   4            }     
 149   3          }
 150   2          else if(Pulseled==0)
 151   2          {
 152   3            Gui_DrawFont_GBK16(16,130,BLUE,GRAY0,"         ");
 153   3          } 
 154   2          //Multiple_read_ADXL345();
 155   2          //**********ADXL345采集程序**********//
 156   2          if(num2 == 1)
 157   2          {   
 158   3            if(bt1s)
 159   3            {
 160   4              bt1s=0;
 161   4              cnt2=0;
 162   4              Multiple_read_ADXL345();        
 163   4              if(time == 1)
 164   4              {
 165   5                X1=Xdata;
 166   5                Y1=Ydata;
 167   5                Z1=Zdata;
 168   5              }
 169   4              else if(time == 2)
 170   4              {
 171   5                X2=Xdata;
 172   5                Y2=Ydata;
 173   5                Z2=Zdata;
 174   5              }
 175   4              if((abs(X2-X1)>800)||(abs(Y2-Y1)>800)||(abs(Z2-Z1)>800))
 176   4              {
 177   5                led=~led;         
 178   5                SendMessage();
C51 COMPILER V9.52.0.0   MAIN                                                              04/19/2015 13:32:26 PAGE 4   

 179   5                Beep_single();
 180   5              }
 181   4              if(time==2) time = 0;
 182   4              time++;     
 183   4            }
 184   3          }
 185   2          
 186   2          
 187   2          
 188   2          //**********按键采集程序**********//
 189   2          Key_Value=KeyScan();
 190   2          MP3();
 191   2          if(Key_Value == 'T')
 192   2          {
 193   3            Flan1=1;
 194   3            goto Set_Mode;//进入参数设置模式
 195   3          }
 196   2          if(Key_Value == 'F')
 197   2          {
 198   3            num2++; 
 199   3            if(num2>2) num2 = 1;
 200   3            if(num2 == 1) Fallled=0;
 201   3            else if(num2 == 2) Fallled=1;
 202   3          }
 203   2          if(Key_Value == 'U')
 204   2          {
 205   3            ATD();
 206   3          }
 207   2          if(Key_Value == 'D')
 208   2          {
 209   3            ATH();
 210   3          }
 211   2          if(Key_Value == 'P')
 212   2          {
 213   3            num1++; 
 214   3            if(num1>2) num1 = 1;
 215   3            if(num1 == 2)
 216   3            {
 217   4              Pulseled=1;
 218   4              cnt1=0;
 219   4              Fall=0;
 220   4              Pulse=0;
 221   4              EX0=1;
 222   4            }
 223   3            else if(num1 == 1)
 224   3            {
 225   4              Pulseled=0;
 226   4              EX0=0;
 227   4            }
 228   3          }
 229   2          
 230   2      //    if(KeyTime>TimeHoldTime)//Pulse按键长按检测
 231   2      //    {
 232   2      //      KeyTime=0;
 233   2      //      
 234   2      //    }
 235   2        }while(1);
 236   1      Set_Mode://参数设置模式
 237   1        Lcd_Clear(GRAY0); 
 238   1        do{
 239   2          Set_Time();
 240   2          Dis_Time();
C51 COMPILER V9.52.0.0   MAIN                                                              04/19/2015 13:32:26 PAGE 5   

 241   2          Key_Value=KeyScan();
 242   2          if(Key_Value == 'T')
 243   2          {
 244   3            Set_RTC();
 245   3            goto Normal_Mode;//进入参数设置模式
 246   3          }
 247   2        }while(1);
 248   1      }
 249          
 250          void Exint0() interrupt 0
 251          {
 252   1        Fall++;
 253   1      }
 254          void Timer0() interrupt 1
 255          {
 256   1        TL0 = 0x68;   //??????
 257   1        TH0 = 0xC6;   //??????
 258   1        if(cnt0<500) cnt0++;
 259   1        else
 260   1        {
 261   2          cnt0=0;
 262   2          bt500ms=1;
 263   2        }
 264   1        if(cnt2<1000) cnt2++;
 265   1        else
 266   1        {
 267   2          cnt2=0;
 268   2          bt1s=1;
 269   2        }
 270   1        if(cnt3<1000) cnt3++;
 271   1        else
 272   1        {
 273   2          cnt3=0;
 274   2          bt1000ms=1;
 275   2        }
 276   1        if(cnt1<30000) cnt1++;
 277   1        else
 278   1        {
 279   2          cnt1=0;
 280   2          bt30s=1;
 281   2        }
 282   1      }
 283          
 284          void Serial_2Int() interrupt 8
 285          {
 286   1        IE2=0x00;         //?????,???????
 287   1        if(S2CON&0x02)      //?????2????(S2TI)?????
 288   1        {
 289   2          S2CON&=0xFD;  //S2TI?0
 290   2        }
 291   1        if(S2CON&0x01)    
 292   1        {
 293   2          S2CON&=0xFE;  //S2RI?0
 294   2          Rec_Buf2[count2]=S2BUF;
 295   2          if(Rec_Buf2[count2] == 0xaa)  
 296   2          {
 297   3            //PM25_Read=1;
 298   3            count2 = 20;
 299   3          }
 300   2          count2++;
 301   2          if(count2>Buf_Max2)
 302   2          {
C51 COMPILER V9.52.0.0   MAIN                                                              04/19/2015 13:32:26 PAGE 6   

 303   3            count2=0;
 304   3            //PM25_Read=0;
 305   3          } 
 306   2        }
 307   1        IE2=0x01;         //??????
 308   1      }


MODULE INFORMATION:   STATIC OVERLAYABLE
   CODE SIZE        =   1164    ----
   CONSTANT SIZE    =     24    ----
   XDATA SIZE       =     54    ----
   PDATA SIZE       =   ----    ----
   DATA SIZE        =      8    ----
   IDATA SIZE       =   ----    ----
   BIT SIZE         =      5    ----
END OF MODULE INFORMATION.


C51 COMPILATION COMPLETE.  0 WARNING(S),  0 ERROR(S)
