Remove Pin=D1-2 From Net=LED1
Remove Pin=OLED-1 From Net=+5V
Remove Pin=OLED-3 From Net=SCL
Remove Pin=OLED-4 From Net=SDA
Remove Pin=P1-1 From Net=SDA
Remove Pin=P1-3 From Net=SCL
Remove Pin=P1-4 From Net=VDD3V3
Remove Pin=P1-5 From Net=TMS
Remove Pin=P1-7 From Net=TCK
Remove Pin=P1-8 From Net=TEST
Remove Pin=P1-11 From Net=RST
Remove Pin=R1-1 From Net=BEEP
Remove Pin=R2-1 From Net=+5V
Remove Pin=R6-2 From Net=VDD3V3
Remove Pin=R7-2 From Net=VDD3V3
Remove Pin=R8-2 From Net=VDD3V3
Remove Pin=u1-6 From Net=TCK
Remove Pin=u1-7 From Net=TMS
Remove Pin=u1-8 From Net=SCLK
Remove Pin=u1-9 From Net=SDI
Remove Pin=u1-10 From Net=CS
Remove Pin=u1-11 From Net=SW
Remove Pin=u1-13 From Net=BEEP
Remove Pin=u1-16 From Net=RST
Remove Pin=u1-17 From Net=TEST
Remove Pin=u1-19 From Net=LED1
