Replace Part C2 Cap in C:\Users\xuyou\Desktop\msp\pcb3\msp430g2553.~(3).SchDoc with Cap from msp430g2553.SchLib
Replace Part C3 Cap Pol2 in C:\Users\xuyou\Desktop\msp\pcb3\msp430g2553.~(3).SchDoc with Cap Pol2 from msp430g2553.SchLib
Replace Part C4 Cap Pol2 in C:\Users\xuyou\Desktop\msp\pcb3\msp430g2553.~(3).SchDoc with Cap Pol2 from msp430g2553.SchLib
Replace Part C5 Cap in C:\Users\xuyou\Desktop\msp\pcb3\msp430g2553.~(3).SchDoc with Cap from msp430g2553.SchLib
Replace Part C6 Cap in C:\Users\xuyou\Desktop\msp\pcb3\msp430g2553.~(3).SchDoc with Cap from msp430g2553.SchLib
Replace Part D1 LED0 in C:\Users\xuyou\Desktop\msp\pcb3\msp430g2553.~(3).SchDoc with LED0 from msp430g2553.SchLib
Replace Part LS1 Bell in C:\Users\xuyou\Desktop\msp\pcb3\msp430g2553.~(3).SchDoc with Bell from msp430g2553.SchLib
Replace Part OLED OLED in C:\Users\xuyou\Desktop\msp\pcb3\msp430g2553.~(3).SchDoc with OLED from msp430g2553.SchLib
Replace Part P1 JTAG in C:\Users\xuyou\Desktop\msp\pcb3\msp430g2553.~(3).SchDoc with JTAG from msp430g2553.SchLib
Replace Part Q1 NPN in C:\Users\xuyou\Desktop\msp\pcb3\msp430g2553.~(3).SchDoc with NPN from msp430g2553.SchLib
Replace Part R1 Res2 in C:\Users\xuyou\Desktop\msp\pcb3\msp430g2553.~(3).SchDoc with Res2 from msp430g2553.SchLib
Replace Part R2 Res2 in C:\Users\xuyou\Desktop\msp\pcb3\msp430g2553.~(3).SchDoc with Res2 from msp430g2553.SchLib
Replace Part R3 Res2 in C:\Users\xuyou\Desktop\msp\pcb3\msp430g2553.~(3).SchDoc with Res2 from msp430g2553.SchLib
Replace Part R4 Res2 in C:\Users\xuyou\Desktop\msp\pcb3\msp430g2553.~(3).SchDoc with Res2 from msp430g2553.SchLib
Replace Part R5 Res2 in C:\Users\xuyou\Desktop\msp\pcb3\msp430g2553.~(3).SchDoc with Res2 from msp430g2553.SchLib
Replace Part R6 Res2 in C:\Users\xuyou\Desktop\msp\pcb3\msp430g2553.~(3).SchDoc with Res2 from msp430g2553.SchLib
Replace Part R7 Res2 in C:\Users\xuyou\Desktop\msp\pcb3\msp430g2553.~(3).SchDoc with Res2 from msp430g2553.SchLib
Replace Part R8 Res2 in C:\Users\xuyou\Desktop\msp\pcb3\msp430g2553.~(3).SchDoc with Res2 from msp430g2553.SchLib
Replace Part S1 SW-DPST in C:\Users\xuyou\Desktop\msp\pcb3\msp430g2553.~(3).SchDoc with SW-DPST from msp430g2553.SchLib
Replace Part S2 SW-DPST in C:\Users\xuyou\Desktop\msp\pcb3\msp430g2553.~(3).SchDoc with SW-DPST from msp430g2553.SchLib
Replace Part u1 msp430g2553_PDIP20 in C:\Users\xuyou\Desktop\msp\pcb3\msp430g2553.~(3).SchDoc with msp430g2553_PDIP20 from msp430g2553.SchLib
Replace Part u2 AMS1117-3.3V in C:\Users\xuyou\Desktop\msp\pcb3\msp430g2553.~(3).SchDoc with AMS1117-3.3V from msp430g2553.SchLib
Replace Part u3 USB in C:\Users\xuyou\Desktop\msp\pcb3\msp430g2553.~(3).SchDoc with USB from msp430g2553.SchLib
Replace Part u4 ADXL345 in C:\Users\xuyou\Desktop\msp\pcb3\msp430g2553.~(3).SchDoc with ADXL345 from msp430g2553.SchLib
